-------------------------------------------------------------------------------
Test set: com.itsoft.learn.ejb.service.PersonaServiceRemoteTest
-------------------------------------------------------------------------------
Tests run: 1, Failures: 0, Errors: 1, Skipped: 0, Time elapsed: 0.021 sec <<< FAILURE!
test(com.itsoft.learn.ejb.service.PersonaServiceRemoteTest)  Time elapsed: 0.009 sec  <<< ERROR!
javax.naming.NamingException: Lookup failed for 'java:global/sga-jee/PersonImpl!com.itsoft.learn.ejb.service.impl.PersonServiceRemote' in SerialContext[myEnv={java.naming.factory.initial=com.sun.enterprise.naming.impl.SerialInitContextFactory, java.naming.factory.url.pkgs=com.sun.enterprise.naming, java.naming.factory.state=com.sun.corba.ee.impl.presentation.rmi.JNDIStateFactoryImpl} [Root exception is javax.naming.NameNotFoundException: sga-jee]
	at com.sun.enterprise.naming.impl.SerialContext.lookup(SerialContext.java:491)
	at com.sun.enterprise.naming.impl.SerialContext.lookup(SerialContext.java:438)
	at javax.naming.InitialContext.lookup(InitialContext.java:411)
	at javax.naming.InitialContext.lookup(InitialContext.java:411)
	at com.itsoft.learn.ejb.service.PersonaServiceRemoteTest.init(PersonaServiceRemoteTest.java:26)
	at sun.reflect.NativeMethodAccessorImpl.invoke0(Native Method)
	at sun.reflect.NativeMethodAccessorImpl.invoke(NativeMethodAccessorImpl.java:57)
	at sun.reflect.DelegatingMethodAccessorImpl.invoke(DelegatingMethodAccessorImpl.java:43)
	at java.lang.reflect.Method.invoke(Method.java:606)
	at org.junit.runners.model.FrameworkMethod$1.runReflectiveCall(FrameworkMethod.java:45)
	at org.junit.internal.runners.model.ReflectiveCallable.run(ReflectiveCallable.java:15)
	at org.junit.runners.model.FrameworkMethod.invokeExplosively(FrameworkMethod.java:42)
	at org.junit.internal.runners.statements.RunBefores.evaluate(RunBefores.java:27)
	at org.junit.runners.ParentRunner.runLeaf(ParentRunner.java:263)
	at org.junit.runners.BlockJUnit4ClassRunner.runChild(BlockJUnit4ClassRunner.java:68)
	at org.junit.runners.BlockJUnit4ClassRunner.runChild(BlockJUnit4ClassRunner.java:47)
	at org.junit.runners.ParentRunner$3.run(ParentRunner.java:231)
	at org.junit.runners.ParentRunner$1.schedule(ParentRunner.java:60)
	at org.junit.runners.ParentRunner.runChildren(ParentRunner.java:229)
	at org.junit.runners.ParentRunner.access$000(ParentRunner.java:50)
	at org.junit.runners.ParentRunner$2.evaluate(ParentRunner.java:222)
	at org.junit.runners.ParentRunner.run(ParentRunner.java:300)
	at org.apache.maven.surefire.junit4.JUnit4Provider.execute(JUnit4Provider.java:252)
	at org.apache.maven.surefire.junit4.JUnit4Provider.executeTestSet(JUnit4Provider.java:141)
	at org.apache.maven.surefire.junit4.JUnit4Provider.invoke(JUnit4Provider.java:112)
	at sun.reflect.NativeMethodAccessorImpl.invoke0(Native Method)
	at sun.reflect.NativeMethodAccessorImpl.invoke(NativeMethodAccessorImpl.java:57)
	at sun.reflect.DelegatingMethodAccessorImpl.invoke(DelegatingMethodAccessorImpl.java:43)
	at java.lang.reflect.Method.invoke(Method.java:606)
	at org.apache.maven.surefire.util.ReflectionUtils.invokeMethodWithArray(ReflectionUtils.java:189)
	at org.apache.maven.surefire.booter.ProviderFactory$ProviderProxy.invoke(ProviderFactory.java:165)
	at org.apache.maven.surefire.booter.ProviderFactory.invokeProvider(ProviderFactory.java:85)
	at org.apache.maven.surefire.booter.ForkedBooter.runSuitesInProcess(ForkedBooter.java:115)
	at org.apache.maven.surefire.booter.ForkedBooter.main(ForkedBooter.java:75)
Caused by: javax.naming.NameNotFoundException: sga-jee
	at com.sun.enterprise.naming.impl.TransientContext.resolveContext(TransientContext.java:299)
	at com.sun.enterprise.naming.impl.TransientContext.lookup(TransientContext.java:207)
	at com.sun.enterprise.naming.impl.TransientContext.lookup(TransientContext.java:208)
	at com.sun.enterprise.naming.impl.SerialContextProviderImpl.lookup(SerialContextProviderImpl.java:66)
	at com.sun.enterprise.naming.impl.LocalSerialContextProviderImpl.lookup(LocalSerialContextProviderImpl.java:114)
	at com.sun.enterprise.naming.impl.SerialContext.lookup(SerialContext.java:478)
	... 33 more

