<?xml version="1.0" encoding="UTF-8" ?>
<testsuite failures="0" time="28.029" errors="1" skipped="0" tests="1" name="com.itsoft.learn.ejb.service.PersonaServiceLTest">
  <properties>
[...]
</properties>
  <testcase time="28.029" classname="com.itsoft.learn.ejb.service.PersonaServiceLTest" name="test">
    <error message="Lookup failed for &apos;java:global/classes/PersonImpl!com.itsoft.learn.ejb.service.impl.PersonService&apos; in SerialContext[myEnv={java.naming.factory.initial=com.sun.enterprise.naming.impl.SerialInitContextFactory, java.naming.factory.url.pkgs=com.sun.enterprise.naming, java.naming.factory.state=com.sun.corba.ee.impl.presentation.rmi.JNDIStateFactoryImpl}" type="javax.naming.NamingException">javax.naming.NamingException: Lookup failed for &apos;java:global/classes/PersonImpl!com.itsoft.learn.ejb.service.impl.PersonService&apos; in SerialContext[myEnv={java.naming.factory.initial=com.sun.enterprise.naming.impl.SerialInitContextFactory, java.naming.factory.url.pkgs=com.sun.enterprise.naming, java.naming.factory.state=com.sun.corba.ee.impl.presentation.rmi.JNDIStateFactoryImpl} [Root exception is javax.naming.NameNotFoundException: PersonImpl!com.itsoft.learn.ejb.service.impl.PersonService not found]
	at com.sun.enterprise.naming.impl.SerialContext.lookup(SerialContext.java:491)
	at com.sun.enterprise.naming.impl.SerialContext.lookup(SerialContext.java:438)
	at javax.naming.InitialContext.lookup(InitialContext.java:411)
	at javax.naming.InitialContext.lookup(InitialContext.java:411)
	at com.itsoft.learn.ejb.service.PersonaServiceLTest.init(PersonaServiceLTest.java:27)
	at sun.reflect.NativeMethodAccessorImpl.invoke0(Native Method)
	at sun.reflect.NativeMethodAccessorImpl.invoke(NativeMethodAccessorImpl.java:57)
	at sun.reflect.DelegatingMethodAccessorImpl.invoke(DelegatingMethodAccessorImpl.java:43)
	at java.lang.reflect.Method.invoke(Method.java:606)
	at org.junit.runners.model.FrameworkMethod$1.runReflectiveCall(FrameworkMethod.java:45)
	at org.junit.internal.runners.model.ReflectiveCallable.run(ReflectiveCallable.java:15)
	at org.junit.runners.model.FrameworkMethod.invokeExplosively(FrameworkMethod.java:42)
	at org.junit.internal.runners.statements.RunBefores.evaluate(RunBefores.java:27)
	at org.junit.runners.ParentRunner.runLeaf(ParentRunner.java:263)
	at org.junit.runners.BlockJUnit4ClassRunner.runChild(BlockJUnit4ClassRunner.java:68)
	at org.junit.runners.BlockJUnit4ClassRunner.runChild(BlockJUnit4ClassRunner.java:47)
	at org.junit.runners.ParentRunner$3.run(ParentRunner.java:231)
	at org.junit.runners.ParentRunner$1.schedule(ParentRunner.java:60)
	at org.junit.runners.ParentRunner.runChildren(ParentRunner.java:229)
	at org.junit.runners.ParentRunner.access$000(ParentRunner.java:50)
	at org.junit.runners.ParentRunner$2.evaluate(ParentRunner.java:222)
	at org.junit.runners.ParentRunner.run(ParentRunner.java:300)
	at org.apache.maven.surefire.junit4.JUnit4Provider.execute(JUnit4Provider.java:252)
	at org.apache.maven.surefire.junit4.JUnit4Provider.executeTestSet(JUnit4Provider.java:141)
	at org.apache.maven.surefire.junit4.JUnit4Provider.invoke(JUnit4Provider.java:112)
	at sun.reflect.NativeMethodAccessorImpl.invoke0(Native Method)
	at sun.reflect.NativeMethodAccessorImpl.invoke(NativeMethodAccessorImpl.java:57)
	at sun.reflect.DelegatingMethodAccessorImpl.invoke(DelegatingMethodAccessorImpl.java:43)
	at java.lang.reflect.Method.invoke(Method.java:606)
	at org.apache.maven.surefire.util.ReflectionUtils.invokeMethodWithArray(ReflectionUtils.java:189)
	at org.apache.maven.surefire.booter.ProviderFactory$ProviderProxy.invoke(ProviderFactory.java:165)
	at org.apache.maven.surefire.booter.ProviderFactory.invokeProvider(ProviderFactory.java:85)
	at org.apache.maven.surefire.booter.ForkedBooter.runSuitesInProcess(ForkedBooter.java:115)
	at org.apache.maven.surefire.booter.ForkedBooter.main(ForkedBooter.java:75)
Caused by: javax.naming.NameNotFoundException: PersonImpl!com.itsoft.learn.ejb.service.impl.PersonService not found
	at com.sun.enterprise.naming.impl.TransientContext.doLookup(TransientContext.java:237)
	at com.sun.enterprise.naming.impl.TransientContext.lookup(TransientContext.java:204)
	at com.sun.enterprise.naming.impl.TransientContext.lookup(TransientContext.java:208)
	at com.sun.enterprise.naming.impl.TransientContext.lookup(TransientContext.java:208)
	at com.sun.enterprise.naming.impl.SerialContextProviderImpl.lookup(SerialContextProviderImpl.java:66)
	at com.sun.enterprise.naming.impl.LocalSerialContextProviderImpl.lookup(LocalSerialContextProviderImpl.java:114)
	at com.sun.enterprise.naming.impl.SerialContext.lookup(SerialContext.java:478)
	... 33 more
</error>
    <system-out>Found populator: org.glassfish.kernel.embedded.EmbeddedDomainXml
JdbcRuntimeExtension,  getAllSystemRAResourcesAndPools = [GlassFishConfigBean.org.glassfish.jdbc.config.JdbcResource, GlassFishConfigBean.org.glassfish.jdbc.config.JdbcResource, GlassFishConfigBean.org.glassfish.jdbc.config.JdbcConnectionPool, GlassFishConfigBean.org.glassfish.jdbc.config.JdbcConnectionPool]
</system-out>
    <system-err>Mar 10, 2015 7:44:21 PM org.glassfish.ejb.embedded.EJBContainerProviderImpl createContainer
INFO: [EJBContainerProviderImpl] Using installation location /home/wilfredo/data/programs/glassfish4/glassfish
Mar 10, 2015 7:44:21 PM org.glassfish.ejb.embedded.EJBContainerProviderImpl createContainer
INFO: [EJBContainerProviderImpl] Using config file location: file:/tmp/domain4289388271075230249xml
Mar 10, 2015 7:44:21 PM org.glassfish.ejb.embedded.EJBContainerProviderImpl createContainer
INFO: [EJBContainerProviderImpl] Using runtime class: class com.sun.enterprise.glassfish.bootstrap.StaticGlassFishRuntime
Mar 10, 2015 7:44:24 PM org.hibernate.validator.internal.util.Version &lt;clinit&gt;
INFO: HV000001: Hibernate Validator 5.0.0.Final
Mar 10, 2015 7:44:26 PM com.sun.enterprise.security.auth.realm.Realm doInstantiate
INFO: Realm [admin-realm] of classtype [com.sun.enterprise.security.auth.realm.file.FileRealm] successfully created.
Mar 10, 2015 7:44:26 PM com.sun.enterprise.security.auth.realm.Realm doInstantiate
INFO: Realm [file] of classtype [com.sun.enterprise.security.auth.realm.file.FileRealm] successfully created.
Mar 10, 2015 7:44:26 PM com.sun.enterprise.security.auth.realm.Realm doInstantiate
INFO: Realm [certificate] of classtype [com.sun.enterprise.security.auth.realm.certificate.CertificateRealm] successfully created.
Mar 10, 2015 7:44:26 PM org.glassfish.security.services.impl.authorization.AuthorizationServiceImpl initialize
INFO: Authorization Service has successfully initialized.
Mar 10, 2015 7:44:26 PM org.glassfish.ha.store.spi.BackingStoreFactoryRegistry register
INFO: Registered org.glassfish.ha.store.adapter.cache.ShoalBackingStoreProxy for persistence-type = replicated in BackingStoreFactoryRegistry
Mar 10, 2015 7:44:26 PM com.sun.enterprise.v3.server.AppServerStartup postStartupJob
INFO: GlassFish Server Open Source Edition  4.1  (13) startup time : Embedded (2,554ms), startup services(2,800ms), total(5,354ms)
Mar 10, 2015 7:44:26 PM org.glassfish.admin.mbeanserver.JMXStartupService$JMXConnectorsStarterThread run
INFO: JMXStartupService has disabled JMXConnector system
Mar 10, 2015 7:44:29 PM org.glassfish.admin.mbeanserver.JMXStartupService shutdown
INFO: JMXStartupService and JMXConnectors have been shut down.
Mar 10, 2015 7:44:29 PM com.sun.enterprise.v3.server.AppServerStartup stop
INFO: Shutdown procedure finished
Mar 10, 2015 7:44:29 PM org.glassfish.ha.store.spi.BackingStoreFactoryRegistry register
INFO: Registered org.glassfish.ha.store.adapter.cache.ShoalBackingStoreProxy for persistence-type = replicated in BackingStoreFactoryRegistry
Mar 10, 2015 7:44:29 PM com.sun.enterprise.v3.server.AppServerStartup postStartupJob
INFO: GlassFish Server Open Source Edition  4.1  (13) startup time : Embedded (8,401ms), startup services(55ms), total(8,456ms)
Mar 10, 2015 7:44:29 PM org.glassfish.admin.mbeanserver.JMXStartupService$JMXConnectorsStarterThread run
INFO: JMXStartupService has disabled JMXConnector system
Mar 10, 2015 7:44:29 PM org.glassfish.ejb.embedded.EJBContainerProviderImpl skipJar
INFO: ... skipping entry with a Manifest file with a special attribute: glassfish-embedded-static-shell.jar
Mar 10, 2015 7:44:30 PM org.glassfish.ejb.embedded.DeploymentElement getOrCreateApplication
INFO: [DeploymentElement] adding EJB module to ScatteredArchive classes
Mar 10, 2015 7:44:30 PM org.glassfish.ejb.embedded.DeploymentElement getOrCreateApplication
INFO: [DeploymentElement] adding library to ScatteredArchive hamcrest-core-1.1.jar
Mar 10, 2015 7:44:30 PM org.glassfish.ejb.embedded.DeploymentElement getOrCreateApplication
INFO: [DeploymentElement] adding library to ScatteredArchive junit-4.10.jar
Mar 10, 2015 7:44:30 PM org.glassfish.ejb.embedded.DeploymentElement getOrCreateApplication
INFO: [DeploymentElement] adding library to ScatteredArchive test-classes
Mar 10, 2015 7:44:30 PM org.glassfish.ejb.embedded.DeploymentElement getOrCreateApplication
INFO: [DeploymentElement] adding library to ScatteredArchive javaee-api-6.0.jar
Mar 10, 2015 7:44:30 PM org.glassfish.ejb.embedded.EJBContainerImpl deploy
INFO: [EJBContainerImpl] Deploying app: org.glassfish.embeddable.archive.ScatteredArchive@6bfc12c4
Mar 10, 2015 7:44:30 PM org.glassfish.ejb.embedded.EJBContainerImpl deploy
INFO: [EJBContainerImpl] GlassFish status: STARTED
Mar 10, 2015 7:44:30 PM org.glassfish.ejb.embedded.EJBContainerImpl deploy
INFO: [EJBContainerImpl] Deploying as a ScatteredArchive
Mar 10, 2015 7:44:34 PM com.sun.enterprise.security.SecurityLifecycle &lt;init&gt;
INFO: Java security manager is disabled.
Mar 10, 2015 7:44:34 PM com.sun.enterprise.security.SecurityLifecycle onInitialization
INFO: Entering Security Startup Service.
Mar 10, 2015 7:44:34 PM com.sun.enterprise.security.PolicyLoader loadPolicy
INFO: Loading policy provider com.sun.enterprise.security.provider.PolicyWrapper.
Mar 10, 2015 7:44:34 PM com.sun.enterprise.security.SecurityLifecycle onInitialization
INFO: Security Service(s) started successfully.
Mar 10, 2015 7:44:42 PM com.sun.jts.CosTransactions.DefaultTransactionService setServerName
INFO: jts.startup_msg
Mar 10, 2015 7:44:44 PM com.sun.ejb.containers.BaseContainer initializeHome
INFO: Portable JNDI names for EJB PersonImpl: [java:global/classes/PersonImpl, java:global/classes/PersonImpl!com.itsoft.learn.ejb.service.PersonServiceRemote]
Mar 10, 2015 7:44:44 PM com.sun.ejb.containers.BaseContainer initializeHome
INFO: Glassfish-specific (Non-portable) JNDI names for EJB PersonImpl: [com.itsoft.learn.ejb.service.PersonServiceRemote, com.itsoft.learn.ejb.service.PersonServiceRemote#com.itsoft.learn.ejb.service.PersonServiceRemote]
Mar 10, 2015 7:44:44 PM org.jboss.weld.bootstrap.WeldStartup &lt;clinit&gt;
INFO: WELD-000900: 2.2.2 (Final)
Mar 10, 2015 7:44:45 PM org.jboss.weld.event.ExtensionObserverMethodImpl checkRequiredTypeAnnotations
WARN: WELD-000411: Observer method [BackedAnnotatedMethod] org.glassfish.sse.impl.ServerSentEventCdiExtension.processAnnotatedType(@Observes ProcessAnnotatedType&lt;Object&gt;, BeanManager) receives events for all annotated types. Consider restricting events using @WithAnnotations or a generic type with bounds.
Mar 10, 2015 7:44:45 PM org.jboss.weld.event.ExtensionObserverMethodImpl checkRequiredTypeAnnotations
WARN: WELD-000411: Observer method [BackedAnnotatedMethod] public org.glassfish.jms.injection.JMSCDIExtension.processAnnotatedType(@Observes ProcessAnnotatedType&lt;Object&gt;) receives events for all annotated types. Consider restricting events using @WithAnnotations or a generic type with bounds.
Mar 10, 2015 7:44:45 PM org.jboss.weld.event.ExtensionObserverMethodImpl checkRequiredTypeAnnotations
WARN: WELD-000411: Observer method [BackedAnnotatedMethod] private org.glassfish.jersey.gf.cdi.internal.CdiComponentProvider.processAnnotatedType(@Observes ProcessAnnotatedType&lt;Object&gt;) receives events for all annotated types. Consider restricting events using @WithAnnotations or a generic type with bounds.
Mar 10, 2015 7:44:45 PM org.jboss.weld.event.ExtensionObserverMethodImpl checkRequiredTypeAnnotations
WARN: WELD-000411: Observer method [BackedAnnotatedMethod] private org.glassfish.jersey.gf.cdi.internal.CdiComponentProvider.processAnnotatedType(@Observes ProcessAnnotatedType&lt;Object&gt;) receives events for all annotated types. Consider restricting events using @WithAnnotations or a generic type with bounds.
Mar 10, 2015 7:44:45 PM org.jboss.weld.event.ExtensionObserverMethodImpl checkRequiredTypeAnnotations
WARN: WELD-000411: Observer method [BackedAnnotatedMethod] org.glassfish.sse.impl.ServerSentEventCdiExtension.processAnnotatedType(@Observes ProcessAnnotatedType&lt;Object&gt;, BeanManager) receives events for all annotated types. Consider restricting events using @WithAnnotations or a generic type with bounds.
Mar 10, 2015 7:44:45 PM org.jboss.weld.event.ExtensionObserverMethodImpl checkRequiredTypeAnnotations
WARN: WELD-000411: Observer method [BackedAnnotatedMethod] public org.glassfish.jms.injection.JMSCDIExtension.processAnnotatedType(@Observes ProcessAnnotatedType&lt;Object&gt;) receives events for all annotated types. Consider restricting events using @WithAnnotations or a generic type with bounds.
Mar 10, 2015 7:44:48 PM org.glassfish.deployment.admin.DeployCommand execute
INFO: classes was successfully deployed in 16,760 milliseconds.
</system-err>
  </testcase>
</testsuite>